<?xml version="1.0" encoding="UTF-8"?>
<!-- Generated by org.testng.reporters.JUnitReportReporter -->
<testsuite hostname="Alelign" failures="0" tests="1" name="working_on_jenkins.LoginOne" time="10.460" errors="0" timestamp="2022-12-06T17:11:12 EST" skipped="0">
  <testcase classname="working_on_jenkins.LoginOne" name="searNecklaces" time="10.460"/>
  <system-out/>
</testsuite> <!-- working_on_jenkins.LoginOne -->
