<?xml version="1.0" encoding="UTF-8"?>
<!-- Generated by org.testng.reporters.JUnitReportReporter -->
<testsuite hostname="Alelign" failures="0" tests="1" name="working_on_jenkins.Login" time="9.878" errors="0" timestamp="2022-12-06T17:11:12 EST" skipped="0">
  <testcase classname="working_on_jenkins.Login" name="searNecklaces" time="9.878"/>
  <system-out/>
</testsuite> <!-- working_on_jenkins.Login -->
