<?xml version="1.0" encoding="UTF-8"?>
<!-- Generated by org.testng.reporters.JUnitReportReporter -->
<testsuite hostname="Alelign" failures="0" tests="1" name="working_on_jenkins.Login" time="12.655" errors="0" timestamp="04 Dec 2022 16:57:00 GMT" skipped="0">
  <testcase classname="working_on_jenkins.Login" name="login" time="12.655"/>
</testsuite> <!-- working_on_jenkins.Login -->
