<?xml version="1.0" encoding="UTF-8"?>
<!-- Generated by org.testng.reporters.JUnitReportReporter -->
<testsuite hostname="Alelign" failures="0" tests="1" name="working_on_jenkins.LoginTwo" time="14.633" errors="0" timestamp="2022-12-06T17:11:12 EST" skipped="0">
  <testcase classname="working_on_jenkins.LoginTwo" name="searNecklaces" time="14.633"/>
  <system-out/>
</testsuite> <!-- working_on_jenkins.LoginTwo -->
