<?xml version="1.0" encoding="UTF-8"?>
<!-- Generated by org.testng.reporters.JUnitReportReporter -->
<testsuite hostname="Alelign" failures="0" tests="2" name="cnn.News_US" time="20.546" errors="0" timestamp="2022-12-07T11:59:16 EST" skipped="0">
  <testcase classname="cnn.News_US" name="searchForUS" time="11.026"/>
  <system-out/>
  <testcase classname="cnn.News_US" name="searchForWorld" time="9.520"/>
  <system-out/>
</testsuite> <!-- cnn.News_US -->
